<?xml version="1.0" encoding="UTF-8"?>
<!-- Generated by org.testng.reporters.JUnitReportReporter -->
<testsuite hostname="DESKTOP-9J8TLT4" name="org.jpwh.test.querying.criteria.Projection" tests="2" failures="0" timestamp="16 Apr 2016 04:09:22 GMT" time="6.689" errors="0">
  <testcase name="executeQueriesWithFunctions" time="3.412" classname="org.jpwh.test.querying.criteria.Projection"/>
  <testcase name="executeQueries" time="3.277" classname="org.jpwh.test.querying.criteria.Projection"/>
</testsuite> <!-- org.jpwh.test.querying.criteria.Projection -->
