<?xml version="1.0" encoding="UTF-8"?>
<!-- Generated by org.testng.reporters.JUnitReportReporter -->
<testsuite hostname="DESKTOP-9J8TLT4" name="org.jpwh.test.simple.AccessJPAMetamodel" tests="3" failures="0" timestamp="16 Apr 2016 04:09:21 GMT" time="1.857" errors="0">
  <testcase name="accessStaticMetamodel" time="0.415" classname="org.jpwh.test.simple.AccessJPAMetamodel"/>
  <testcase name="queryStaticMetamodel" time="0.999" classname="org.jpwh.test.simple.AccessJPAMetamodel"/>
  <testcase name="accessDynamicMetamodel" time="0.443" classname="org.jpwh.test.simple.AccessJPAMetamodel"/>
</testsuite> <!-- org.jpwh.test.simple.AccessJPAMetamodel -->
