<?xml version="1.0" encoding="UTF-8"?>
<!-- Generated by org.testng.reporters.JUnitReportReporter -->
<testsuite hostname="DESKTOP-9J8TLT4" name="org.jpwh.test.concurrency.Versioning" tests="3" failures="0" timestamp="3 Mar 2016 03:59:23 GMT" time="1.365" errors="0">
  <testcase name="firstCommitWins" time="0.430" classname="org.jpwh.test.concurrency.Versioning"/>
  <testcase name="forceIncrement" time="0.476" classname="org.jpwh.test.concurrency.Versioning"/>
  <testcase name="manualVersionChecking" time="0.459" classname="org.jpwh.test.concurrency.Versioning"/>
</testsuite> <!-- org.jpwh.test.concurrency.Versioning -->
