<?xml version="1.0" encoding="UTF-8"?>
<!-- Generated by org.testng.reporters.JUnitReportReporter -->
<testsuite hostname="DESKTOP-9J8TLT4" name="org.jpwh.test.bulkbatch.BatchInsertUpdate" tests="2" failures="0" timestamp="3 Mar 2016 03:59:23 GMT" time="18.259" errors="0">
  <testcase name="batchInsertUpdateWithStatelessSession" time="7.133" classname="org.jpwh.test.bulkbatch.BatchInsertUpdate"/>
  <testcase name="batchInsertUpdate" time="11.126" classname="org.jpwh.test.bulkbatch.BatchInsertUpdate"/>
</testsuite> <!-- org.jpwh.test.bulkbatch.BatchInsertUpdate -->
