<?xml version="1.0" encoding="UTF-8"?>
<!-- Generated by org.testng.reporters.JUnitReportReporter -->
<testsuite hostname="DESKTOP-9J8TLT4" name="org.jpwh.test.querying.sql.JDBCFallback" tests="1" failures="0" timestamp="3 Mar 2016 03:59:23 GMT" time="4.467" errors="0">
  <testcase name="queryItems" time="4.467" classname="org.jpwh.test.querying.sql.JDBCFallback"/>
</testsuite> <!-- org.jpwh.test.querying.sql.JDBCFallback -->
