<?xml version="1.0" encoding="UTF-8"?>
<!-- Generated by org.testng.reporters.JUnitReportReporter -->
<testsuite hostname="DESKTOP-9J8TLT4" name="org.jpwh.test.inheritance.SingleTable" tests="4" failures="0" timestamp="3 Mar 2016 03:59:23 GMT" time="1.762" errors="0">
  <testcase name="jdbcCreditCardSqlQuery" time="0.442" classname="org.jpwh.test.inheritance.SingleTable"/>
  <testcase name="storeBillingDetailsLoadCreditCards" time="0.467" classname="org.jpwh.test.inheritance.SingleTable"/>
  <testcase name="storeLoadBillingDetails" time="0.408" classname="org.jpwh.test.inheritance.SingleTable"/>
  <testcase name="jdbcBillingDetailsSqlQuery" time="0.445" classname="org.jpwh.test.inheritance.SingleTable"/>
</testsuite> <!-- org.jpwh.test.inheritance.SingleTable -->
