<?xml version="1.0" encoding="UTF-8"?>
<!-- Generated by org.testng.reporters.JUnitReportReporter -->
<testsuite hostname="DESKTOP-9J8TLT4" name="org.jpwh.helloworld.HelloWorldHibernate" tests="1" failures="0" timestamp="3 Mar 2016 03:59:23 GMT" time="1.709" errors="0">
  <testcase name="storeLoadMessage" time="1.709" classname="org.jpwh.helloworld.HelloWorldHibernate"/>
</testsuite> <!-- org.jpwh.helloworld.HelloWorldHibernate -->
