<?xml version="1.0" encoding="UTF-8"?>
<!-- Generated by org.testng.reporters.JUnitReportReporter -->
<testsuite hostname="DESKTOP-9J8TLT4" name="org.jpwh.test.bulkbatch.BulkStatementsCriteria" tests="3" failures="0" timestamp="3 Mar 2016 03:59:23 GMT" time="1.295" errors="0">
  <testcase name="bulkUpdate" time="0.436" classname="org.jpwh.test.bulkbatch.BulkStatementsCriteria"/>
  <testcase name="bulkDelete" time="0.431" classname="org.jpwh.test.bulkbatch.BulkStatementsCriteria"/>
  <testcase name="bulkUpdateVersioned" time="0.428" classname="org.jpwh.test.bulkbatch.BulkStatementsCriteria"/>
</testsuite> <!-- org.jpwh.test.bulkbatch.BulkStatementsCriteria -->
