<?xml version="1.0" encoding="UTF-8"?>
<!-- Generated by org.testng.reporters.JUnitReportReporter -->
<testsuite hostname="DESKTOP-9J8TLT4" name="org.jpwh.test.converter.Converters" tests="2" failures="0" timestamp="3 Mar 2016 03:59:23 GMT" time="0.841" errors="0">
  <testcase name="storeLoadMonetaryAmount" time="0.448" classname="org.jpwh.test.converter.Converters"/>
  <testcase name="storeAndLoadZipcode" time="0.393" classname="org.jpwh.test.converter.Converters"/>
</testsuite> <!-- org.jpwh.test.converter.Converters -->
