<?xml version="1.0" encoding="UTF-8"?>
<!-- Generated by org.testng.reporters.JUnitReportReporter -->
<testsuite hostname="DESKTOP-9J8TLT4" name="org.jpwh.test.inheritance.Joined" tests="4" failures="0" timestamp="16 Apr 2016 04:09:21 GMT" time="1.173" errors="0">
  <testcase name="storeLoadBillingDetails" time="0.255" classname="org.jpwh.test.inheritance.Joined"/>
  <testcase name="jdbcCreditCardSqlQuery" time="0.314" classname="org.jpwh.test.inheritance.Joined"/>
  <testcase name="storeBillingDetailsLoadCreditCards" time="0.255" classname="org.jpwh.test.inheritance.Joined"/>
  <testcase name="jdbcBillingDetailsSqlQuery" time="0.349" classname="org.jpwh.test.inheritance.Joined"/>
</testsuite> <!-- org.jpwh.test.inheritance.Joined -->
