<?xml version="1.0" encoding="UTF-8"?>
<!-- Generated by org.testng.reporters.JUnitReportReporter -->
<testsuite hostname="DESKTOP-9J8TLT4" name="org.jpwh.test.associations.OneToManyList" tests="1" failures="0" timestamp="3 Mar 2016 03:59:23 GMT" time="1.515" errors="0">
  <testcase name="storeAndLoadItemBids" time="1.515" classname="org.jpwh.test.associations.OneToManyList"/>
</testsuite> <!-- org.jpwh.test.associations.OneToManyList -->
