<?xml version="1.0" encoding="UTF-8"?>
<!-- Generated by org.testng.reporters.JUnitReportReporter -->
<testsuite hostname="DESKTOP-9J8TLT4" name="org.jpwh.test.inheritance.MappedSuperclass" tests="4" failures="0" timestamp="16 Apr 2016 04:09:21 GMT" time="1.203" errors="0">
  <testcase name="jdbcSqlQueryBankAccount" time="0.334" classname="org.jpwh.test.inheritance.MappedSuperclass"/>
  <testcase name="storeBillingDetailsLoadCreditCards" time="0.296" classname="org.jpwh.test.inheritance.MappedSuperclass"/>
  <testcase name="jdbcSqlQueryCreditCard" time="0.306" classname="org.jpwh.test.inheritance.MappedSuperclass"/>
  <testcase name="storeLoadBillingDetails" time="0.267" classname="org.jpwh.test.inheritance.MappedSuperclass"/>
</testsuite> <!-- org.jpwh.test.inheritance.MappedSuperclass -->
