<?xml version="1.0" encoding="UTF-8"?>
<!-- Generated by org.testng.reporters.JUnitReportReporter -->
<testsuite hostname="DESKTOP-9J8TLT4" name="org.jpwh.test.advanced.BooleanOverride" tests="1" failures="0" timestamp="16 Apr 2016 04:09:21 GMT" time="0.276" errors="0">
  <testcase name="storeLoadOverride" time="0.276" classname="org.jpwh.test.advanced.BooleanOverride"/>
</testsuite> <!-- org.jpwh.test.advanced.BooleanOverride -->
