<?xml version="1.0" encoding="UTF-8"?>
<!-- Generated by org.testng.reporters.JUnitReportReporter -->
<testsuite hostname="DESKTOP-9J8TLT4" name="org.jpwh.test.querying.CreateExecuteQueries" tests="9" failures="0" timestamp="16 Apr 2016 04:09:22 GMT" time="39.329" errors="0">
  <testcase name="parameterBinding" time="3.270" classname="org.jpwh.test.querying.CreateExecuteQueries"/>
  <testcase name="namedQueries" time="4.552" classname="org.jpwh.test.querying.CreateExecuteQueries"/>
  <testcase name="createTypedQueries" time="5.447" classname="org.jpwh.test.querying.CreateExecuteQueries"/>
  <testcase name="createHibernateQueries" time="4.565" classname="org.jpwh.test.querying.CreateExecuteQueries"/>
  <testcase name="pagination" time="4.512" classname="org.jpwh.test.querying.CreateExecuteQueries"/>
  <testcase name="createQueries" time="3.472" classname="org.jpwh.test.querying.CreateExecuteQueries"/>
  <testcase name="queryHints" time="5.323" classname="org.jpwh.test.querying.CreateExecuteQueries"/>
  <testcase name="createNamedQueries" time="4.502" classname="org.jpwh.test.querying.CreateExecuteQueries"/>
  <testcase name="executeQueries" time="3.686" classname="org.jpwh.test.querying.CreateExecuteQueries"/>
</testsuite> <!-- org.jpwh.test.querying.CreateExecuteQueries -->
