<?xml version="1.0" encoding="UTF-8"?>
<!-- Generated by org.testng.reporters.JUnitReportReporter -->
<testsuite hostname="DESKTOP-9J8TLT4" name="org.jpwh.test.conversation.ExtendedPC" tests="2" failures="0" timestamp="3 Mar 2016 03:59:23 GMT" time="0.808" errors="0">
  <testcase name="conversationEditItem" time="0.409" classname="org.jpwh.test.conversation.ExtendedPC"/>
  <testcase name="conversationCreateItem" time="0.399" classname="org.jpwh.test.conversation.ExtendedPC"/>
</testsuite> <!-- org.jpwh.test.conversation.ExtendedPC -->
