<?xml version="1.0" encoding="UTF-8"?>
<!-- Generated by org.testng.reporters.JUnitReportReporter -->
<testsuite hostname="DESKTOP-9J8TLT4" name="org.jpwh.test.querying.advanced.FilterCollections" tests="1" failures="0" timestamp="3 Mar 2016 03:59:23 GMT" time="5.330" errors="0">
  <testcase name="executeQueries" time="5.330" classname="org.jpwh.test.querying.advanced.FilterCollections"/>
</testsuite> <!-- org.jpwh.test.querying.advanced.FilterCollections -->
