<?xml version="1.0" encoding="UTF-8"?>
<!-- Generated by org.testng.reporters.JUnitReportReporter -->
<testsuite hostname="DESKTOP-9J8TLT4" name="org.jpwh.test.advanced.BooleanOverride" tests="1" failures="0" timestamp="3 Mar 2016 03:59:23 GMT" time="0.429" errors="0">
  <testcase name="storeLoadOverride" time="0.429" classname="org.jpwh.test.advanced.BooleanOverride"/>
</testsuite> <!-- org.jpwh.test.advanced.BooleanOverride -->
