<?xml version="1.0" encoding="UTF-8"?>
<!-- Generated by org.testng.reporters.JUnitReportReporter -->
<testsuite hostname="DESKTOP-9J8TLT4" name="org.jpwh.test.inheritance.SingleTable" tests="4" failures="0" timestamp="16 Apr 2016 04:09:22 GMT" time="0.912" errors="0">
  <testcase name="storeBillingDetailsLoadCreditCards" time="0.219" classname="org.jpwh.test.inheritance.SingleTable"/>
  <testcase name="storeLoadBillingDetails" time="0.220" classname="org.jpwh.test.inheritance.SingleTable"/>
  <testcase name="jdbcBillingDetailsSqlQuery" time="0.253" classname="org.jpwh.test.inheritance.SingleTable"/>
  <testcase name="jdbcCreditCardSqlQuery" time="0.220" classname="org.jpwh.test.inheritance.SingleTable"/>
</testsuite> <!-- org.jpwh.test.inheritance.SingleTable -->
