<?xml version="1.0" encoding="UTF-8"?>
<!-- Generated by org.testng.reporters.JUnitReportReporter -->
<testsuite hostname="DESKTOP-9J8TLT4" name="org.jpwh.test.querying.sql.JDBCFallback" tests="1" failures="0" timestamp="16 Apr 2016 04:09:21 GMT" time="3.457" errors="0">
  <testcase name="queryItems" time="3.457" classname="org.jpwh.test.querying.sql.JDBCFallback"/>
</testsuite> <!-- org.jpwh.test.querying.sql.JDBCFallback -->
