<?xml version="1.0" encoding="UTF-8"?>
<!-- Generated by org.testng.reporters.JUnitReportReporter -->
<testsuite hostname="DESKTOP-9J8TLT4" name="org.jpwh.test.fetching.ReadOnly" tests="2" failures="0" timestamp="16 Apr 2016 04:09:21 GMT" time="0.792" errors="0">
  <testcase name="immutableEntity" time="0.542" classname="org.jpwh.test.fetching.ReadOnly"/>
  <testcase name="selectiveReadOnly" time="0.250" classname="org.jpwh.test.fetching.ReadOnly"/>
</testsuite> <!-- org.jpwh.test.fetching.ReadOnly -->
