<?xml version="1.0" encoding="UTF-8"?>
<!-- Generated by org.testng.reporters.JUnitReportReporter -->
<testsuite hostname="DESKTOP-9J8TLT4" name="org.jpwh.test.simple.AccessJPAMetamodel" tests="3" failures="0" timestamp="3 Mar 2016 03:59:23 GMT" time="2.402" errors="0">
  <testcase name="queryStaticMetamodel" time="0.832" classname="org.jpwh.test.simple.AccessJPAMetamodel"/>
  <testcase name="accessStaticMetamodel" time="1.021" classname="org.jpwh.test.simple.AccessJPAMetamodel"/>
  <testcase name="accessDynamicMetamodel" time="0.549" classname="org.jpwh.test.simple.AccessJPAMetamodel"/>
</testsuite> <!-- org.jpwh.test.simple.AccessJPAMetamodel -->
