<?xml version="1.0" encoding="UTF-8"?>
<!-- Generated by org.testng.reporters.JUnitReportReporter -->
<testsuite hostname="DESKTOP-9J8TLT4" name="org.jpwh.test.querying.jpql.Selection" tests="1" failures="0" timestamp="16 Apr 2016 04:09:21 GMT" time="4.955" errors="0">
  <testcase name="executeQueries" time="4.955" classname="org.jpwh.test.querying.jpql.Selection"/>
</testsuite> <!-- org.jpwh.test.querying.jpql.Selection -->
