<?xml version="1.0" encoding="UTF-8"?>
<!-- Generated by org.testng.reporters.JUnitReportReporter -->
<testsuite hostname="DESKTOP-9J8TLT4" name="org.jpwh.test.simple.ModelOperations" tests="2" failures="0" timestamp="3 Mar 2016 03:59:23 GMT" time="0.025" errors="0">
  <testcase name="validateItem" time="0.025" classname="org.jpwh.test.simple.ModelOperations"/>
  <testcase name="linkBidAndItem" time="0.000" classname="org.jpwh.test.simple.ModelOperations"/>
</testsuite> <!-- org.jpwh.test.simple.ModelOperations -->
