<?xml version="1.0" encoding="UTF-8"?>
<!-- Generated by org.testng.reporters.JUnitReportReporter -->
<testsuite hostname="DESKTOP-9J8TLT4" name="org.jpwh.test.collections.MapOfStrings" tests="1" failures="0" timestamp="3 Mar 2016 03:59:23 GMT" time="0.515" errors="0">
  <testcase name="storeLoadCollection" time="0.515" classname="org.jpwh.test.collections.MapOfStrings"/>
</testsuite> <!-- org.jpwh.test.collections.MapOfStrings -->
