<?xml version="1.0" encoding="UTF-8"?>
<!-- Generated by org.testng.reporters.JUnitReportReporter -->
<testsuite hostname="DESKTOP-9J8TLT4" name="org.jpwh.test.inheritance.Joined" tests="4" failures="0" timestamp="3 Mar 2016 03:59:23 GMT" time="1.970" errors="0">
  <testcase name="storeLoadBillingDetails" time="0.452" classname="org.jpwh.test.inheritance.Joined"/>
  <testcase name="jdbcCreditCardSqlQuery" time="0.556" classname="org.jpwh.test.inheritance.Joined"/>
  <testcase name="jdbcBillingDetailsSqlQuery" time="0.481" classname="org.jpwh.test.inheritance.Joined"/>
  <testcase name="storeBillingDetailsLoadCreditCards" time="0.481" classname="org.jpwh.test.inheritance.Joined"/>
</testsuite> <!-- org.jpwh.test.inheritance.Joined -->
