<?xml version="1.0" encoding="UTF-8"?>
<!-- Generated by org.testng.reporters.JUnitReportReporter -->
<testsuite hostname="DESKTOP-9J8TLT4" name="org.jpwh.test.bulkbatch.BulkStatementsSQL" tests="2" failures="0" timestamp="3 Mar 2016 03:59:23 GMT" time="1.669" errors="0">
  <testcase name="bulkUpdateHibernate" time="0.786" classname="org.jpwh.test.bulkbatch.BulkStatementsSQL"/>
  <testcase name="bulkUpdate" time="0.883" classname="org.jpwh.test.bulkbatch.BulkStatementsSQL"/>
</testsuite> <!-- org.jpwh.test.bulkbatch.BulkStatementsSQL -->
