<?xml version="1.0" encoding="UTF-8"?>
<!-- Generated by org.testng.reporters.JUnitReportReporter -->
<testsuite hostname="DESKTOP-9J8TLT4" name="org.jpwh.test.fetching.NPlusOneSelects" tests="2" failures="0" timestamp="3 Mar 2016 03:59:23 GMT" time="0.907" errors="0">
  <testcase name="fetchBids" time="0.412" classname="org.jpwh.test.fetching.NPlusOneSelects"/>
  <testcase name="fetchUsers" time="0.495" classname="org.jpwh.test.fetching.NPlusOneSelects"/>
</testsuite> <!-- org.jpwh.test.fetching.NPlusOneSelects -->
