<?xml version="1.0" encoding="UTF-8"?>
<!-- Generated by org.testng.reporters.JUnitReportReporter -->
<testsuite hostname="DESKTOP-9J8TLT4" name="org.jpwh.test.advanced.DerivedProperties" tests="2" failures="0" timestamp="16 Apr 2016 04:09:22 GMT" time="0.638" errors="0">
  <testcase name="storeLoadFormula" time="0.368" classname="org.jpwh.test.advanced.DerivedProperties"/>
  <testcase name="storeLoadFormulaSubselect" time="0.270" classname="org.jpwh.test.advanced.DerivedProperties"/>
</testsuite> <!-- org.jpwh.test.advanced.DerivedProperties -->
