<?xml version="1.0" encoding="UTF-8"?>
<!-- Generated by org.testng.reporters.JUnitReportReporter -->
<testsuite hostname="DESKTOP-9J8TLT4" name="org.jpwh.test.associations.OneToOneForeignKey" tests="2" failures="0" timestamp="3 Mar 2016 03:59:23 GMT" time="0.864" errors="0">
  <testcase name="storeAndLoadUserAddress" time="0.425" classname="org.jpwh.test.associations.OneToOneForeignKey"/>
  <testcase name="storeNonUniqueRelationship" time="0.439" classname="org.jpwh.test.associations.OneToOneForeignKey"/>
</testsuite> <!-- org.jpwh.test.associations.OneToOneForeignKey -->
