<?xml version="1.0" encoding="UTF-8"?>
<!-- Generated by org.testng.reporters.JUnitReportReporter -->
<testsuite hostname="DESKTOP-9J8TLT4" name="org.jpwh.test.querying.CreateExecuteQueries" tests="9" failures="0" timestamp="3 Mar 2016 03:59:23 GMT" time="43.679" errors="0">
  <testcase name="createHibernateQueries" time="4.662" classname="org.jpwh.test.querying.CreateExecuteQueries"/>
  <testcase name="namedQueries" time="4.366" classname="org.jpwh.test.querying.CreateExecuteQueries"/>
  <testcase name="createNamedQueries" time="4.808" classname="org.jpwh.test.querying.CreateExecuteQueries"/>
  <testcase name="parameterBinding" time="4.750" classname="org.jpwh.test.querying.CreateExecuteQueries"/>
  <testcase name="createTypedQueries" time="4.338" classname="org.jpwh.test.querying.CreateExecuteQueries"/>
  <testcase name="pagination" time="4.404" classname="org.jpwh.test.querying.CreateExecuteQueries"/>
  <testcase name="queryHints" time="4.991" classname="org.jpwh.test.querying.CreateExecuteQueries"/>
  <testcase name="createQueries" time="4.692" classname="org.jpwh.test.querying.CreateExecuteQueries"/>
  <testcase name="executeQueries" time="6.668" classname="org.jpwh.test.querying.CreateExecuteQueries"/>
</testsuite> <!-- org.jpwh.test.querying.CreateExecuteQueries -->
