<?xml version="1.0" encoding="UTF-8"?>
<!-- Generated by org.testng.reporters.JUnitReportReporter -->
<testsuite hostname="DESKTOP-9J8TLT4" name="org.jpwh.test.fetching.ReadOnly" tests="2" failures="0" timestamp="3 Mar 2016 03:59:23 GMT" time="0.851" errors="0">
  <testcase name="selectiveReadOnly" time="0.452" classname="org.jpwh.test.fetching.ReadOnly"/>
  <testcase name="immutableEntity" time="0.399" classname="org.jpwh.test.fetching.ReadOnly"/>
</testsuite> <!-- org.jpwh.test.fetching.ReadOnly -->
