<?xml version="1.0" encoding="UTF-8"?>
<!-- Generated by org.testng.reporters.JUnitReportReporter -->
<testsuite hostname="DESKTOP-9J8TLT4" name="org.jpwh.test.concurrency.Locking" tests="6" failures="0" timestamp="3 Mar 2016 03:59:23 GMT" time="4.750" errors="0">
  <testcase name="forceIncrement" time="0.577" classname="org.jpwh.test.concurrency.Locking"/>
  <testcase name="manualVersionChecking" time="0.426" classname="org.jpwh.test.concurrency.Locking"/>
  <testcase name="extendedLock" time="0.434" classname="org.jpwh.test.concurrency.Locking"/>
  <testcase name="pessimisticReadWrite" time="2.501" classname="org.jpwh.test.concurrency.Locking"/>
  <testcase name="firstCommitWins" time="0.406" classname="org.jpwh.test.concurrency.Locking"/>
  <testcase name="findLock" time="0.406" classname="org.jpwh.test.concurrency.Locking"/>
</testsuite> <!-- org.jpwh.test.concurrency.Locking -->
