<?xml version="1.0" encoding="UTF-8"?>
<!-- Generated by org.testng.reporters.JUnitReportReporter -->
<testsuite hostname="DESKTOP-9J8TLT4" name="org.jpwh.test.fetching.Batch" tests="2" failures="0" timestamp="3 Mar 2016 03:59:23 GMT" time="1.041" errors="0">
  <testcase name="fetchProxyBatches" time="0.459" classname="org.jpwh.test.fetching.Batch"/>
  <testcase name="fetchCollectionBatches" time="0.582" classname="org.jpwh.test.fetching.Batch"/>
</testsuite> <!-- org.jpwh.test.fetching.Batch -->
