<?xml version="1.0" encoding="UTF-8"?>
<!-- Generated by org.testng.reporters.JUnitReportReporter -->
<testsuite hostname="DESKTOP-9J8TLT4" name="org.jpwh.test.querying.sql.HibernateSQLQueries" tests="2" failures="0" timestamp="16 Apr 2016 04:09:22 GMT" time="7.047" errors="0">
  <testcase name="executeQueries" time="3.689" classname="org.jpwh.test.querying.sql.HibernateSQLQueries"/>
  <testcase name="executeRecursiveQueries" time="3.358" classname="org.jpwh.test.querying.sql.HibernateSQLQueries"/>
</testsuite> <!-- org.jpwh.test.querying.sql.HibernateSQLQueries -->
