<?xml version="1.0" encoding="UTF-8"?>
<!-- Generated by org.testng.reporters.JUnitReportReporter -->
<testsuite hostname="DESKTOP-9J8TLT4" name="org.jpwh.test.filtering.DynamicFilter" tests="2" failures="0" timestamp="3 Mar 2016 03:59:23 GMT" time="0.972" errors="0">
  <testcase name="filterItems" time="0.561" classname="org.jpwh.test.filtering.DynamicFilter"/>
  <testcase name="filterCollection" time="0.411" classname="org.jpwh.test.filtering.DynamicFilter"/>
</testsuite> <!-- org.jpwh.test.filtering.DynamicFilter -->
