<?xml version="1.0" encoding="UTF-8"?>
<!-- Generated by org.testng.reporters.JUnitReportReporter -->
<testsuite hostname="DESKTOP-9J8TLT4" name="org.jpwh.test.simple.MappingEmbeddables" tests="2" failures="0" timestamp="3 Mar 2016 03:59:23 GMT" time="1.030" errors="0">
  <testcase name="storeAndLoadInvalidUsers" time="0.517" classname="org.jpwh.test.simple.MappingEmbeddables"/>
  <testcase name="storeAndLoadUsers" time="0.513" classname="org.jpwh.test.simple.MappingEmbeddables"/>
</testsuite> <!-- org.jpwh.test.simple.MappingEmbeddables -->
