<?xml version="1.0" encoding="UTF-8"?>
<!-- Generated by org.testng.reporters.JUnitReportReporter -->
<testsuite hostname="DESKTOP-9J8TLT4" name="org.jpwh.test.filtering.Cascade" tests="3" failures="0" timestamp="3 Mar 2016 03:59:23 GMT" time="1.435" errors="0">
  <testcase name="refresh" time="0.476" classname="org.jpwh.test.filtering.Cascade"/>
  <testcase name="detachMerge" time="0.480" classname="org.jpwh.test.filtering.Cascade"/>
  <testcase name="replicate" time="0.479" classname="org.jpwh.test.filtering.Cascade"/>
</testsuite> <!-- org.jpwh.test.filtering.Cascade -->
