<?xml version="1.0" encoding="UTF-8"?>
<!-- Generated by org.testng.reporters.JUnitReportReporter -->
<testsuite hostname="DESKTOP-9J8TLT4" name="org.jpwh.test.cache.SecondLevel" tests="5" failures="0" timestamp="3 Mar 2016 03:59:23 GMT" time="3.511" errors="0">
  <testcase name="cacheBehavior" time="0.954" classname="org.jpwh.test.cache.SecondLevel"/>
  <testcase name="cacheControl" time="0.624" classname="org.jpwh.test.cache.SecondLevel"/>
  <testcase name="cacheModes" time="0.606" classname="org.jpwh.test.cache.SecondLevel"/>
  <testcase name="cacheQueryResults" time="0.692" classname="org.jpwh.test.cache.SecondLevel"/>
  <testcase name="cacheNaturalId" time="0.635" classname="org.jpwh.test.cache.SecondLevel"/>
</testsuite> <!-- org.jpwh.test.cache.SecondLevel -->
