<?xml version="1.0" encoding="UTF-8"?>
<!-- Generated by org.testng.reporters.JUnitReportReporter -->
<testsuite hostname="DESKTOP-9J8TLT4" name="org.jpwh.test.simple.CRUDMetadataOverrideXML" tests="2" failures="0" timestamp="3 Mar 2016 03:59:23 GMT" time="1.208" errors="0">
  <testcase name="storeAndQueryItems" time="0.598" classname="org.jpwh.test.simple.CRUDMetadataOverrideXML"/>
  <testcase name="checkMetadataOverride" time="0.610" classname="org.jpwh.test.simple.CRUDMetadataOverrideXML"/>
</testsuite> <!-- org.jpwh.test.simple.CRUDMetadataOverrideXML -->
