<?xml version="1.0" encoding="UTF-8"?>
<!-- Generated by org.testng.reporters.JUnitReportReporter -->
<testsuite hostname="DESKTOP-9J8TLT4" name="org.jpwh.test.querying.advanced.HibernateCriteria" tests="2" failures="0" timestamp="3 Mar 2016 03:59:23 GMT" time="11.977" errors="0">
  <testcase name="executeQueries" time="7.516" classname="org.jpwh.test.querying.advanced.HibernateCriteria"/>
  <testcase name="foo" time="4.461" classname="org.jpwh.test.querying.advanced.HibernateCriteria"/>
</testsuite> <!-- org.jpwh.test.querying.advanced.HibernateCriteria -->
