<?xml version="1.0" encoding="UTF-8"?>
<!-- Generated by org.testng.reporters.JUnitReportReporter -->
<testsuite hostname="DESKTOP-9J8TLT4" name="org.jpwh.test.inheritance.MixedFetchSelect" tests="3" failures="0" timestamp="3 Mar 2016 03:59:23 GMT" time="5.657" errors="0">
  <testcase name="jdbcBillingDetailsSqlQuery" time="1.805" classname="org.jpwh.test.inheritance.MixedFetchSelect"/>
  <testcase name="storeLoadBillingDetails" time="2.004" classname="org.jpwh.test.inheritance.MixedFetchSelect"/>
  <testcase name="storeBillingDetailsLoadCreditCards" time="1.848" classname="org.jpwh.test.inheritance.MixedFetchSelect"/>
</testsuite> <!-- org.jpwh.test.inheritance.MixedFetchSelect -->
