<?xml version="1.0" encoding="UTF-8"?>
<!-- Generated by org.testng.reporters.JUnitReportReporter -->
<testsuite hostname="DESKTOP-9J8TLT4" name="org.jpwh.test.querying.criteria.Projection" tests="2" failures="0" timestamp="3 Mar 2016 03:59:23 GMT" time="9.271" errors="0">
  <testcase name="executeQueries" time="4.867" classname="org.jpwh.test.querying.criteria.Projection"/>
  <testcase name="executeQueriesWithFunctions" time="4.404" classname="org.jpwh.test.querying.criteria.Projection"/>
</testsuite> <!-- org.jpwh.test.querying.criteria.Projection -->
