<?xml version="1.0" encoding="UTF-8"?>
<!-- Generated by org.testng.reporters.JUnitReportReporter -->
<testsuite hostname="DESKTOP-9J8TLT4" name="org.jpwh.test.simple.ModelOperations" tests="2" failures="0" timestamp="16 Apr 2016 04:09:22 GMT" time="0.022" errors="0">
  <testcase name="validateItem" time="0.022" classname="org.jpwh.test.simple.ModelOperations"/>
  <testcase name="linkBidAndItem" time="0.000" classname="org.jpwh.test.simple.ModelOperations"/>
</testsuite> <!-- org.jpwh.test.simple.ModelOperations -->
