<?xml version="1.0" encoding="UTF-8"?>
<!-- Generated by org.testng.reporters.JUnitReportReporter -->
<testsuite hostname="DESKTOP-9J8TLT4" name="org.jpwh.test.inheritance.TablePerClass" tests="3" failures="0" timestamp="3 Mar 2016 03:59:23 GMT" time="1.327" errors="0">
  <testcase name="storeLoadBillingDetails" time="0.511" classname="org.jpwh.test.inheritance.TablePerClass"/>
  <testcase name="jdbcBillingDetailsSqlQuery" time="0.391" classname="org.jpwh.test.inheritance.TablePerClass"/>
  <testcase name="storeBillingDetailsLoadCreditCards" time="0.425" classname="org.jpwh.test.inheritance.TablePerClass"/>
</testsuite> <!-- org.jpwh.test.inheritance.TablePerClass -->
