<?xml version="1.0" encoding="UTF-8"?>
<!-- Generated by org.testng.reporters.JUnitReportReporter -->
<testsuite hostname="DESKTOP-9J8TLT4" name="org.jpwh.test.collections.SetOfEmbeddables" tests="1" failures="0" timestamp="16 Apr 2016 04:09:21 GMT" time="0.183" errors="0">
  <testcase name="storeLoadCollection" time="0.183" classname="org.jpwh.test.collections.SetOfEmbeddables"/>
</testsuite> <!-- org.jpwh.test.collections.SetOfEmbeddables -->
