<?xml version="1.0" encoding="UTF-8"?>
<!-- Generated by org.testng.reporters.JUnitReportReporter -->
<testsuite hostname="DESKTOP-9J8TLT4" name="org.jpwh.test.inheritance.Mixed" tests="3" failures="0" timestamp="3 Mar 2016 03:59:23 GMT" time="2.345" errors="0">
  <testcase name="jdbcBillingDetailsSqlQuery" time="0.415" classname="org.jpwh.test.inheritance.Mixed"/>
  <testcase name="storeBillingDetailsLoadCreditCards" time="1.310" classname="org.jpwh.test.inheritance.Mixed"/>
  <testcase name="storeLoadBillingDetails" time="0.620" classname="org.jpwh.test.inheritance.Mixed"/>
</testsuite> <!-- org.jpwh.test.inheritance.Mixed -->
