<?xml version="1.0" encoding="UTF-8"?>
<!-- Generated by org.testng.reporters.JUnitReportReporter -->
<testsuite hostname="DESKTOP-9J8TLT4" name="org.jpwh.test.advanced.GeneratedProperties" tests="2" failures="0" timestamp="3 Mar 2016 03:59:23 GMT" time="1.056" errors="0">
  <testcase name="storeLoadInitialPrice" time="0.541" classname="org.jpwh.test.advanced.GeneratedProperties"/>
  <testcase name="storeLoadLastModified" time="0.515" classname="org.jpwh.test.advanced.GeneratedProperties"/>
</testsuite> <!-- org.jpwh.test.advanced.GeneratedProperties -->
