<?xml version="1.0" encoding="UTF-8"?>
<!-- Generated by org.testng.reporters.JUnitReportReporter -->
<testsuite hostname="DESKTOP-9J8TLT4" name="org.jpwh.test.fetching.FetchLoadGraph" tests="4" failures="0" timestamp="3 Mar 2016 03:59:23 GMT" time="1.991" errors="0">
  <testcase name="loadBidBidderItemSellerBids" time="0.467" classname="org.jpwh.test.fetching.FetchLoadGraph"/>
  <testcase name="loadBidBidderItem" time="0.439" classname="org.jpwh.test.fetching.FetchLoadGraph"/>
  <testcase name="loadItem" time="0.622" classname="org.jpwh.test.fetching.FetchLoadGraph"/>
  <testcase name="loadItemSeller" time="0.463" classname="org.jpwh.test.fetching.FetchLoadGraph"/>
</testsuite> <!-- org.jpwh.test.fetching.FetchLoadGraph -->
