<?xml version="1.0" encoding="UTF-8"?>
<!-- Generated by org.testng.reporters.JUnitReportReporter -->
<testsuite hostname="DESKTOP-9J8TLT4" name="org.jpwh.test.converter.Converters" tests="2" failures="0" timestamp="16 Apr 2016 04:09:21 GMT" time="0.780" errors="0">
  <testcase name="storeLoadMonetaryAmount" time="0.423" classname="org.jpwh.test.converter.Converters"/>
  <testcase name="storeAndLoadZipcode" time="0.357" classname="org.jpwh.test.converter.Converters"/>
</testsuite> <!-- org.jpwh.test.converter.Converters -->
