<?xml version="1.0" encoding="UTF-8"?>
<!-- Generated by org.testng.reporters.JUnitReportReporter -->
<testsuite hostname="DESKTOP-9J8TLT4" name="org.jpwh.test.customsql.CustomSQL" tests="4" failures="0" timestamp="3 Mar 2016 03:59:23 GMT" time="7.277" errors="0">
  <testcase name="delete" time="1.824" classname="org.jpwh.test.customsql.CustomSQL"/>
  <testcase name="read" time="1.964" classname="org.jpwh.test.customsql.CustomSQL"/>
  <testcase name="update" time="1.733" classname="org.jpwh.test.customsql.CustomSQL"/>
  <testcase name="readRestrictedCollection" time="1.756" classname="org.jpwh.test.customsql.CustomSQL"/>
</testsuite> <!-- org.jpwh.test.customsql.CustomSQL -->
