<?xml version="1.0" encoding="UTF-8"?>
<!-- Generated by org.testng.reporters.JUnitReportReporter -->
<testsuite hostname="DESKTOP-9J8TLT4" name="org.jpwh.test.complexschemas.CustomSchema" tests="7" failures="0" timestamp="16 Apr 2016 04:09:21 GMT" time="2.068" errors="0">
  <testcase name="storeLoadCheckColumnInvalid" time="0.266" classname="org.jpwh.test.complexschemas.CustomSchema"/>
  <testcase name="storeLoadCheckSingleRowInvalid" time="0.297" classname="org.jpwh.test.complexschemas.CustomSchema"/>
  <testcase name="storeLoadUniqueMultiColumnValid" time="0.297" classname="org.jpwh.test.complexschemas.CustomSchema"/>
  <testcase name="storeLoadValid" time="0.277" classname="org.jpwh.test.complexschemas.CustomSchema"/>
  <testcase name="configurePersistenceUnit" time="0.260" classname="org.jpwh.test.complexschemas.CustomSchema"/>
  <testcase name="storeLoadCheckSubselectValid" time="0.361" classname="org.jpwh.test.complexschemas.CustomSchema"/>
  <testcase name="storeLoadDomainInvalid" time="0.310" classname="org.jpwh.test.complexschemas.CustomSchema"/>
</testsuite> <!-- org.jpwh.test.complexschemas.CustomSchema -->
