<?xml version="1.0" encoding="UTF-8"?>
<!-- Generated by org.testng.reporters.JUnitReportReporter -->
<testsuite hostname="DESKTOP-9J8TLT4" name="org.jpwh.test.concurrency.Locking" tests="6" failures="0" timestamp="16 Apr 2016 04:09:21 GMT" time="3.784" errors="0">
  <testcase name="findLock" time="0.266" classname="org.jpwh.test.concurrency.Locking"/>
  <testcase name="firstCommitWins" time="0.225" classname="org.jpwh.test.concurrency.Locking"/>
  <testcase name="pessimisticReadWrite" time="2.314" classname="org.jpwh.test.concurrency.Locking"/>
  <testcase name="extendedLock" time="0.284" classname="org.jpwh.test.concurrency.Locking"/>
  <testcase name="manualVersionChecking" time="0.382" classname="org.jpwh.test.concurrency.Locking"/>
  <testcase name="forceIncrement" time="0.313" classname="org.jpwh.test.concurrency.Locking"/>
</testsuite> <!-- org.jpwh.test.concurrency.Locking -->
