<?xml version="1.0" encoding="UTF-8"?>
<!-- Generated by org.testng.reporters.JUnitReportReporter -->
<testsuite hostname="DESKTOP-9J8TLT4" name="org.jpwh.test.associations.OneToOneJoinTable" tests="2" failures="0" timestamp="3 Mar 2016 03:59:23 GMT" time="0.785" errors="0">
  <testcase name="storeNonUniqueRelationship" time="0.398" classname="org.jpwh.test.associations.OneToOneJoinTable"/>
  <testcase name="storeAndLoadUserAddress" time="0.387" classname="org.jpwh.test.associations.OneToOneJoinTable"/>
</testsuite> <!-- org.jpwh.test.associations.OneToOneJoinTable -->
