<?xml version="1.0" encoding="UTF-8"?>
<!-- Generated by org.testng.reporters.JUnitReportReporter -->
<testsuite hostname="DESKTOP-9J8TLT4" name="org.jpwh.test.fetching.FetchLoadGraph" tests="4" failures="0" timestamp="16 Apr 2016 04:09:21 GMT" time="1.354" errors="0">
  <testcase name="loadItemSeller" time="0.264" classname="org.jpwh.test.fetching.FetchLoadGraph"/>
  <testcase name="loadItem" time="0.224" classname="org.jpwh.test.fetching.FetchLoadGraph"/>
  <testcase name="loadBidBidderItemSellerBids" time="0.468" classname="org.jpwh.test.fetching.FetchLoadGraph"/>
  <testcase name="loadBidBidderItem" time="0.398" classname="org.jpwh.test.fetching.FetchLoadGraph"/>
</testsuite> <!-- org.jpwh.test.fetching.FetchLoadGraph -->
