<?xml version="1.0" encoding="UTF-8"?>
<!-- Generated by org.testng.reporters.JUnitReportReporter -->
<testsuite hostname="DESKTOP-9J8TLT4" name="org.jpwh.test.fetching.LazyInterception" tests="2" failures="0" timestamp="3 Mar 2016 03:59:23 GMT" time="0.826" errors="0">
  <testcase name="noUserProxy" time="0.423" classname="org.jpwh.test.fetching.LazyInterception"/>
  <testcase name="lazyBasic" time="0.403" classname="org.jpwh.test.fetching.LazyInterception"/>
</testsuite> <!-- org.jpwh.test.fetching.LazyInterception -->
