<?xml version="1.0" encoding="UTF-8"?>
<!-- Generated by org.testng.reporters.JUnitReportReporter -->
<testsuite hostname="DESKTOP-9J8TLT4" name="org.jpwh.test.complexschemas.CustomSchema" tests="7" failures="0" timestamp="3 Mar 2016 03:59:23 GMT" time="2.992" errors="0">
  <testcase name="storeLoadCheckSubselectValid" time="0.389" classname="org.jpwh.test.complexschemas.CustomSchema"/>
  <testcase name="storeLoadCheckSingleRowInvalid" time="0.399" classname="org.jpwh.test.complexschemas.CustomSchema"/>
  <testcase name="storeLoadCheckColumnInvalid" time="0.523" classname="org.jpwh.test.complexschemas.CustomSchema"/>
  <testcase name="storeLoadValid" time="0.379" classname="org.jpwh.test.complexschemas.CustomSchema"/>
  <testcase name="storeLoadDomainInvalid" time="0.396" classname="org.jpwh.test.complexschemas.CustomSchema"/>
  <testcase name="storeLoadUniqueMultiColumnValid" time="0.503" classname="org.jpwh.test.complexschemas.CustomSchema"/>
  <testcase name="configurePersistenceUnit" time="0.403" classname="org.jpwh.test.complexschemas.CustomSchema"/>
</testsuite> <!-- org.jpwh.test.complexschemas.CustomSchema -->
