<?xml version="1.0" encoding="UTF-8"?>
<!-- Generated by org.testng.reporters.JUnitReportReporter -->
<testsuite hostname="DESKTOP-9J8TLT4" name="org.jpwh.test.collections.BagOfStringsOrderBy" tests="1" failures="0" timestamp="3 Mar 2016 03:59:23 GMT" time="0.484" errors="0">
  <testcase name="storeLoadCollection" time="0.484" classname="org.jpwh.test.collections.BagOfStringsOrderBy"/>
</testsuite> <!-- org.jpwh.test.collections.BagOfStringsOrderBy -->
