<?xml version="1.0" encoding="UTF-8"?>
<!-- Generated by org.testng.reporters.JUnitReportReporter -->
<testsuite hostname="DESKTOP-9J8TLT4" name="org.jpwh.test.bulkbatch.BulkStatementsSQL" tests="2" failures="0" timestamp="16 Apr 2016 04:09:22 GMT" time="0.415" errors="0">
  <testcase name="bulkUpdateHibernate" time="0.204" classname="org.jpwh.test.bulkbatch.BulkStatementsSQL"/>
  <testcase name="bulkUpdate" time="0.211" classname="org.jpwh.test.bulkbatch.BulkStatementsSQL"/>
</testsuite> <!-- org.jpwh.test.bulkbatch.BulkStatementsSQL -->
