<?xml version="1.0" encoding="UTF-8"?>
<!-- Generated by org.testng.reporters.JUnitReportReporter -->
<testsuite hostname="DESKTOP-9J8TLT4" name="org.jpwh.test.bulkbatch.BulkStatementsJPQL" tests="5" failures="0" timestamp="16 Apr 2016 04:09:21 GMT" time="8.326" errors="0">
  <testcase name="bulkDelete" time="0.237" classname="org.jpwh.test.bulkbatch.BulkStatementsJPQL"/>
  <testcase name="bulkUpdateInheritance" time="0.424" classname="org.jpwh.test.bulkbatch.BulkStatementsJPQL"/>
  <testcase name="bulkUpdateVersioned" time="0.316" classname="org.jpwh.test.bulkbatch.BulkStatementsJPQL"/>
  <testcase name="bulkUpdate" time="0.184" classname="org.jpwh.test.bulkbatch.BulkStatementsJPQL"/>
  <testcase name="bulkInsert" time="7.165" classname="org.jpwh.test.bulkbatch.BulkStatementsJPQL"/>
</testsuite> <!-- org.jpwh.test.bulkbatch.BulkStatementsJPQL -->
