<?xml version="1.0" encoding="UTF-8"?>
<!-- Generated by org.testng.reporters.JUnitReportReporter -->
<testsuite hostname="DESKTOP-9J8TLT4" name="org.jpwh.test.querying.sql.HibernateSQLQueries" tests="2" failures="0" timestamp="3 Mar 2016 03:59:23 GMT" time="9.102" errors="0">
  <testcase name="executeRecursiveQueries" time="4.746" classname="org.jpwh.test.querying.sql.HibernateSQLQueries"/>
  <testcase name="executeQueries" time="4.356" classname="org.jpwh.test.querying.sql.HibernateSQLQueries"/>
</testsuite> <!-- org.jpwh.test.querying.sql.HibernateSQLQueries -->
