<?xml version="1.0" encoding="UTF-8"?>
<!-- Generated by org.testng.reporters.JUnitReportReporter -->
<testsuite hostname="DESKTOP-9J8TLT4" name="org.jpwh.test.fetching.LazyProxyCollections" tests="2" failures="0" timestamp="3 Mar 2016 03:59:23 GMT" time="1.209" errors="0">
  <testcase name="lazyEntityProxies" time="0.577" classname="org.jpwh.test.fetching.LazyProxyCollections"/>
  <testcase name="lazyCollections" time="0.632" classname="org.jpwh.test.fetching.LazyProxyCollections"/>
</testsuite> <!-- org.jpwh.test.fetching.LazyProxyCollections -->
