<?xml version="1.0" encoding="UTF-8"?>
<!-- Generated by org.testng.reporters.JUnitReportReporter -->
<testsuite hostname="DESKTOP-9J8TLT4" name="org.jpwh.test.conversation.ExtendedPC" tests="2" failures="0" timestamp="16 Apr 2016 04:09:22 GMT" time="0.756" errors="0">
  <testcase name="conversationEditItem" time="0.478" classname="org.jpwh.test.conversation.ExtendedPC"/>
  <testcase name="conversationCreateItem" time="0.278" classname="org.jpwh.test.conversation.ExtendedPC"/>
</testsuite> <!-- org.jpwh.test.conversation.ExtendedPC -->
