<?xml version="1.0" encoding="UTF-8"?>
<!-- Generated by org.testng.reporters.JUnitReportReporter -->
<testsuite hostname="DESKTOP-9J8TLT4" name="org.jpwh.test.filtering.Envers" tests="1" failures="0" timestamp="16 Apr 2016 04:09:22 GMT" time="4.539" errors="0">
  <testcase name="auditLogging" time="4.539" classname="org.jpwh.test.filtering.Envers"/>
</testsuite> <!-- org.jpwh.test.filtering.Envers -->
