<?xml version="1.0" encoding="UTF-8"?>
<!-- Generated by org.testng.reporters.JUnitReportReporter -->
<testsuite hostname="DESKTOP-9J8TLT4" name="org.jpwh.test.simple.SimpleTransitions" tests="11" failures="0" timestamp="3 Mar 2016 03:59:23 GMT" time="7.394" errors="0">
  <testcase name="makePersistent" time="0.542" classname="org.jpwh.test.simple.SimpleTransitions"/>
  <testcase name="makeTransient" time="0.795" classname="org.jpwh.test.simple.SimpleTransitions"/>
  <testcase name="scopeOfIdentity" time="0.653" classname="org.jpwh.test.simple.SimpleTransitions"/>
  <testcase name="detach" time="0.780" classname="org.jpwh.test.simple.SimpleTransitions"/>
  <testcase name="basicUOW" time="0.742" classname="org.jpwh.test.simple.SimpleTransitions"/>
  <testcase name="flushModeType" time="0.602" classname="org.jpwh.test.simple.SimpleTransitions"/>
  <testcase name="retrievePersistentReference" time="0.732" classname="org.jpwh.test.simple.SimpleTransitions"/>
  <testcase name="replicate" time="0.562" classname="org.jpwh.test.simple.SimpleTransitions"/>
  <testcase name="refresh" time="0.611" classname="org.jpwh.test.simple.SimpleTransitions"/>
  <testcase name="retrievePersistent" time="0.772" classname="org.jpwh.test.simple.SimpleTransitions"/>
  <testcase name="mergeDetached" time="0.603" classname="org.jpwh.test.simple.SimpleTransitions"/>
</testsuite> <!-- org.jpwh.test.simple.SimpleTransitions -->
