<?xml version="1.0" encoding="UTF-8"?>
<!-- Generated by org.testng.reporters.JUnitReportReporter -->
<testsuite hostname="DESKTOP-9J8TLT4" name="org.jpwh.test.inheritance.Embeddable" tests="1" failures="0" timestamp="3 Mar 2016 03:59:23 GMT" time="0.490" errors="0">
  <testcase name="storeAndLoad" time="0.490" classname="org.jpwh.test.inheritance.Embeddable"/>
</testsuite> <!-- org.jpwh.test.inheritance.Embeddable -->
