<?xml version="1.0" encoding="UTF-8"?>
<!-- Generated by org.testng.reporters.JUnitReportReporter -->
<testsuite hostname="DESKTOP-9J8TLT4" name="org.jpwh.test.advanced.DerivedProperties" tests="2" failures="0" timestamp="3 Mar 2016 03:59:23 GMT" time="1.251" errors="0">
  <testcase name="storeLoadFormula" time="0.726" classname="org.jpwh.test.advanced.DerivedProperties"/>
  <testcase name="storeLoadFormulaSubselect" time="0.525" classname="org.jpwh.test.advanced.DerivedProperties"/>
</testsuite> <!-- org.jpwh.test.advanced.DerivedProperties -->
