<?xml version="1.0" encoding="UTF-8"?>
<!-- Generated by org.testng.reporters.JUnitReportReporter -->
<testsuite hostname="DESKTOP-9J8TLT4" name="org.jpwh.test.querying.sql.NativeQueries" tests="2" failures="0" timestamp="16 Apr 2016 04:09:21 GMT" time="6.865" errors="0">
  <testcase name="executeQueries" time="3.391" classname="org.jpwh.test.querying.sql.NativeQueries"/>
  <testcase name="executeRecursiveQueries" time="3.474" classname="org.jpwh.test.querying.sql.NativeQueries"/>
</testsuite> <!-- org.jpwh.test.querying.sql.NativeQueries -->
