<?xml version="1.0" encoding="UTF-8"?>
<!-- Generated by org.testng.reporters.JUnitReportReporter -->
<testsuite hostname="DESKTOP-9J8TLT4" name="org.jpwh.test.querying.criteria.Restriction" tests="2" failures="0" timestamp="3 Mar 2016 03:59:23 GMT" time="8.942" errors="0">
  <testcase name="executeQueriesWithFunctions" time="4.506" classname="org.jpwh.test.querying.criteria.Restriction"/>
  <testcase name="executeQueries" time="4.436" classname="org.jpwh.test.querying.criteria.Restriction"/>
</testsuite> <!-- org.jpwh.test.querying.criteria.Restriction -->
