<?xml version="1.0" encoding="UTF-8"?>
<!-- Generated by org.testng.reporters.JUnitReportReporter -->
<testsuite hostname="DESKTOP-9J8TLT4" name="org.jpwh.test.inheritance.MappedSuperclass" tests="4" failures="0" timestamp="3 Mar 2016 03:59:23 GMT" time="1.702" errors="0">
  <testcase name="jdbcSqlQueryBankAccount" time="0.401" classname="org.jpwh.test.inheritance.MappedSuperclass"/>
  <testcase name="storeBillingDetailsLoadCreditCards" time="0.394" classname="org.jpwh.test.inheritance.MappedSuperclass"/>
  <testcase name="storeLoadBillingDetails" time="0.491" classname="org.jpwh.test.inheritance.MappedSuperclass"/>
  <testcase name="jdbcSqlQueryCreditCard" time="0.416" classname="org.jpwh.test.inheritance.MappedSuperclass"/>
</testsuite> <!-- org.jpwh.test.inheritance.MappedSuperclass -->
