<?xml version="1.0" encoding="UTF-8"?>
<!-- Generated by org.testng.reporters.JUnitReportReporter -->
<testsuite hostname="DESKTOP-9J8TLT4" name="org.jpwh.test.querying.jpql.Projection" tests="2" failures="0" timestamp="16 Apr 2016 04:09:21 GMT" time="6.788" errors="0">
  <testcase name="executeQueriesWithFunctions" time="3.517" classname="org.jpwh.test.querying.jpql.Projection"/>
  <testcase name="executeQueries" time="3.271" classname="org.jpwh.test.querying.jpql.Projection"/>
</testsuite> <!-- org.jpwh.test.querying.jpql.Projection -->
