<?xml version="1.0" encoding="UTF-8"?>
<!-- Generated by org.testng.reporters.JUnitReportReporter -->
<testsuite hostname="DESKTOP-9J8TLT4" name="org.jpwh.test.simple.SimpleTransitions" tests="11" failures="0" timestamp="16 Apr 2016 04:09:22 GMT" time="5.157" errors="0">
  <testcase name="flushModeType" time="0.357" classname="org.jpwh.test.simple.SimpleTransitions"/>
  <testcase name="scopeOfIdentity" time="0.473" classname="org.jpwh.test.simple.SimpleTransitions"/>
  <testcase name="makePersistent" time="0.458" classname="org.jpwh.test.simple.SimpleTransitions"/>
  <testcase name="retrievePersistent" time="0.723" classname="org.jpwh.test.simple.SimpleTransitions"/>
  <testcase name="detach" time="0.380" classname="org.jpwh.test.simple.SimpleTransitions"/>
  <testcase name="makeTransient" time="0.425" classname="org.jpwh.test.simple.SimpleTransitions"/>
  <testcase name="basicUOW" time="0.321" classname="org.jpwh.test.simple.SimpleTransitions"/>
  <testcase name="mergeDetached" time="0.414" classname="org.jpwh.test.simple.SimpleTransitions"/>
  <testcase name="replicate" time="0.339" classname="org.jpwh.test.simple.SimpleTransitions"/>
  <testcase name="refresh" time="0.381" classname="org.jpwh.test.simple.SimpleTransitions"/>
  <testcase name="retrievePersistentReference" time="0.886" classname="org.jpwh.test.simple.SimpleTransitions"/>
</testsuite> <!-- org.jpwh.test.simple.SimpleTransitions -->
