<?xml version="1.0" encoding="UTF-8"?>
<!-- Generated by org.testng.reporters.JUnitReportReporter -->
<testsuite hostname="DESKTOP-9J8TLT4" name="org.jpwh.test.associations.OneToOneForeignKey" tests="2" failures="0" timestamp="16 Apr 2016 04:09:22 GMT" time="0.551" errors="0">
  <testcase name="storeNonUniqueRelationship" time="0.283" classname="org.jpwh.test.associations.OneToOneForeignKey"/>
  <testcase name="storeAndLoadUserAddress" time="0.268" classname="org.jpwh.test.associations.OneToOneForeignKey"/>
</testsuite> <!-- org.jpwh.test.associations.OneToOneForeignKey -->
