<?xml version="1.0" encoding="UTF-8"?>
<!-- Generated by org.testng.reporters.JUnitReportReporter -->
<testsuite hostname="DESKTOP-9J8TLT4" name="org.jpwh.test.complexschemas.CompositeKeyMapsId" tests="1" failures="0" timestamp="16 Apr 2016 04:09:21 GMT" time="0.269" errors="0">
  <testcase name="storeLoad" time="0.269" classname="org.jpwh.test.complexschemas.CompositeKeyMapsId"/>
</testsuite> <!-- org.jpwh.test.complexschemas.CompositeKeyMapsId -->
