<?xml version="1.0" encoding="UTF-8"?>
<!-- Generated by org.testng.reporters.JUnitReportReporter -->
<testsuite hostname="DESKTOP-9J8TLT4" name="org.jpwh.test.associations.ManyToManyBidirectional" tests="1" failures="0" timestamp="16 Apr 2016 04:09:21 GMT" time="0.556" errors="0">
  <testcase name="storeLoadCategoryItems" time="0.556" classname="org.jpwh.test.associations.ManyToManyBidirectional"/>
</testsuite> <!-- org.jpwh.test.associations.ManyToManyBidirectional -->
