<?xml version="1.0" encoding="UTF-8"?>
<!-- Generated by org.testng.reporters.JUnitReportReporter -->
<testsuite hostname="DESKTOP-9J8TLT4" name="org.jpwh.test.simple.CRUDMetadataHBMXML" tests="1" failures="0" timestamp="16 Apr 2016 04:09:21 GMT" time="2.059" errors="0">
  <testcase name="storeAndQueryItems" time="2.059" classname="org.jpwh.test.simple.CRUDMetadataHBMXML"/>
</testsuite> <!-- org.jpwh.test.simple.CRUDMetadataHBMXML -->
