<?xml version="1.0" encoding="UTF-8"?>
<!-- Generated by org.testng.reporters.JUnitReportReporter -->
<testsuite hostname="DESKTOP-9J8TLT4" name="org.jpwh.test.inheritance.TablePerClass" tests="3" failures="0" timestamp="16 Apr 2016 04:09:21 GMT" time="0.762" errors="0">
  <testcase name="storeBillingDetailsLoadCreditCards" time="0.222" classname="org.jpwh.test.inheritance.TablePerClass"/>
  <testcase name="storeLoadBillingDetails" time="0.185" classname="org.jpwh.test.inheritance.TablePerClass"/>
  <testcase name="jdbcBillingDetailsSqlQuery" time="0.355" classname="org.jpwh.test.inheritance.TablePerClass"/>
</testsuite> <!-- org.jpwh.test.inheritance.TablePerClass -->
