<?xml version="1.0" encoding="UTF-8"?>
<!-- Generated by org.testng.reporters.JUnitReportReporter -->
<testsuite hostname="DESKTOP-9J8TLT4" name="org.jpwh.test.querying.jpql.Restriction" tests="2" failures="0" timestamp="16 Apr 2016 04:09:21 GMT" time="7.277" errors="0">
  <testcase name="executeQueriesWithFunctions" time="3.812" classname="org.jpwh.test.querying.jpql.Restriction"/>
  <testcase name="executeQueries" time="3.465" classname="org.jpwh.test.querying.jpql.Restriction"/>
</testsuite> <!-- org.jpwh.test.querying.jpql.Restriction -->
