<?xml version="1.0" encoding="UTF-8"?>
<!-- Generated by org.testng.reporters.JUnitReportReporter -->
<testsuite hostname="DESKTOP-9J8TLT4" name="org.jpwh.test.simple.MappingManyToOne" tests="1" failures="0" timestamp="16 Apr 2016 04:09:22 GMT" time="0.378" errors="0">
  <testcase name="storeAndLoadBids" time="0.378" classname="org.jpwh.test.simple.MappingManyToOne"/>
</testsuite> <!-- org.jpwh.test.simple.MappingManyToOne -->
