<?xml version="1.0" encoding="UTF-8"?>
<!-- Generated by org.testng.reporters.JUnitReportReporter -->
<testsuite hostname="DESKTOP-9J8TLT4" name="org.jpwh.test.filtering.Cascade" tests="3" failures="0" timestamp="16 Apr 2016 04:09:22 GMT" time="1.389" errors="0">
  <testcase name="detachMerge" time="0.513" classname="org.jpwh.test.filtering.Cascade"/>
  <testcase name="refresh" time="0.436" classname="org.jpwh.test.filtering.Cascade"/>
  <testcase name="replicate" time="0.440" classname="org.jpwh.test.filtering.Cascade"/>
</testsuite> <!-- org.jpwh.test.filtering.Cascade -->
