<?xml version="1.0" encoding="UTF-8"?>
<!-- Generated by org.testng.reporters.JUnitReportReporter -->
<testsuite hostname="DESKTOP-9J8TLT4" name="org.jpwh.test.customsql.CustomSQL" tests="4" failures="0" timestamp="16 Apr 2016 04:09:21 GMT" time="4.965" errors="0">
  <testcase name="delete" time="1.374" classname="org.jpwh.test.customsql.CustomSQL"/>
  <testcase name="update" time="1.232" classname="org.jpwh.test.customsql.CustomSQL"/>
  <testcase name="readRestrictedCollection" time="1.139" classname="org.jpwh.test.customsql.CustomSQL"/>
  <testcase name="read" time="1.220" classname="org.jpwh.test.customsql.CustomSQL"/>
</testsuite> <!-- org.jpwh.test.customsql.CustomSQL -->
