<?xml version="1.0" encoding="UTF-8"?>
<!-- Generated by org.testng.reporters.JUnitReportReporter -->
<testsuite hostname="DESKTOP-9J8TLT4" name="org.jpwh.test.filtering.AuditLogging" tests="1" failures="0" timestamp="16 Apr 2016 04:09:21 GMT" time="0.262" errors="0">
  <testcase name="writeAuditLog" time="0.262" classname="org.jpwh.test.filtering.AuditLogging"/>
</testsuite> <!-- org.jpwh.test.filtering.AuditLogging -->
