<?xml version="1.0" encoding="UTF-8"?>
<!-- Generated by org.testng.reporters.JUnitReportReporter -->
<testsuite hostname="DESKTOP-9J8TLT4" name="org.jpwh.test.simple.CRUD" tests="1" failures="0" timestamp="16 Apr 2016 04:09:22 GMT" time="0.314" errors="0">
  <testcase name="storeAndQueryItems" time="0.314" classname="org.jpwh.test.simple.CRUD"/>
</testsuite> <!-- org.jpwh.test.simple.CRUD -->
