<?xml version="1.0" encoding="UTF-8"?>
<!-- Generated by org.testng.reporters.JUnitReportReporter -->
<testsuite hostname="DESKTOP-9J8TLT4" name="org.jpwh.test.advanced.LazyProperties" tests="2" failures="0" timestamp="16 Apr 2016 04:09:21 GMT" time="0.672" errors="0">
  <testcase name="storeLoadProperties" time="0.302" classname="org.jpwh.test.advanced.LazyProperties"/>
  <testcase name="storeLoadLocator" time="0.370" classname="org.jpwh.test.advanced.LazyProperties"/>
</testsuite> <!-- org.jpwh.test.advanced.LazyProperties -->
