<?xml version="1.0" encoding="UTF-8"?>
<!-- Generated by org.testng.reporters.JUnitReportReporter -->
<testsuite hostname="DESKTOP-9J8TLT4" name="org.jpwh.test.querying.criteria.Restriction" tests="2" failures="0" timestamp="16 Apr 2016 04:09:21 GMT" time="6.784" errors="0">
  <testcase name="executeQueries" time="3.289" classname="org.jpwh.test.querying.criteria.Restriction"/>
  <testcase name="executeQueriesWithFunctions" time="3.495" classname="org.jpwh.test.querying.criteria.Restriction"/>
</testsuite> <!-- org.jpwh.test.querying.criteria.Restriction -->
