<?xml version="1.0" encoding="UTF-8"?>
<!-- Generated by org.testng.reporters.JUnitReportReporter -->
<testsuite hostname="DESKTOP-9J8TLT4" name="org.jpwh.test.converter.UserTypes" tests="1" failures="0" timestamp="16 Apr 2016 04:09:21 GMT" time="0.362" errors="0">
  <testcase name="storeLoadMonetaryAmount" time="0.362" classname="org.jpwh.test.converter.UserTypes"/>
</testsuite> <!-- org.jpwh.test.converter.UserTypes -->
