<?xml version="1.0" encoding="UTF-8"?>
<!-- Generated by org.testng.reporters.JUnitReportReporter -->
<testsuite hostname="DESKTOP-9J8TLT4" name="org.jpwh.test.bulkbatch.BatchInsertUpdate" tests="2" failures="0" timestamp="16 Apr 2016 04:09:22 GMT" time="25.594" errors="0">
  <testcase name="batchInsertUpdate" time="16.488" classname="org.jpwh.test.bulkbatch.BatchInsertUpdate"/>
  <testcase name="batchInsertUpdateWithStatelessSession" time="9.106" classname="org.jpwh.test.bulkbatch.BatchInsertUpdate"/>
</testsuite> <!-- org.jpwh.test.bulkbatch.BatchInsertUpdate -->
