<?xml version="1.0" encoding="UTF-8"?>
<!-- Generated by org.testng.reporters.JUnitReportReporter -->
<testsuite hostname="DESKTOP-9J8TLT4" name="org.jpwh.helloworld.HelloWorldHibernate" tests="1" failures="0" timestamp="16 Apr 2016 04:09:22 GMT" time="1.626" errors="0">
  <testcase name="storeLoadMessage" time="1.626" classname="org.jpwh.helloworld.HelloWorldHibernate"/>
</testsuite> <!-- org.jpwh.helloworld.HelloWorldHibernate -->
