<?xml version="1.0" encoding="UTF-8"?>
<!-- Generated by org.testng.reporters.JUnitReportReporter -->
<testsuite hostname="DESKTOP-9J8TLT4" name="org.jpwh.test.fetching.LazyInterception" tests="2" failures="0" timestamp="16 Apr 2016 04:09:22 GMT" time="0.377" errors="0">
  <testcase name="lazyBasic" time="0.195" classname="org.jpwh.test.fetching.LazyInterception"/>
  <testcase name="noUserProxy" time="0.182" classname="org.jpwh.test.fetching.LazyInterception"/>
</testsuite> <!-- org.jpwh.test.fetching.LazyInterception -->
