<?xml version="1.0" encoding="UTF-8"?>
<!-- Generated by org.testng.reporters.JUnitReportReporter -->
<testsuite hostname="DESKTOP-9J8TLT4" name="org.jpwh.test.concurrency.Versioning" tests="3" failures="0" timestamp="16 Apr 2016 04:09:21 GMT" time="1.102" errors="0">
  <testcase name="firstCommitWins" time="0.307" classname="org.jpwh.test.concurrency.Versioning"/>
  <testcase name="manualVersionChecking" time="0.446" classname="org.jpwh.test.concurrency.Versioning"/>
  <testcase name="forceIncrement" time="0.349" classname="org.jpwh.test.concurrency.Versioning"/>
</testsuite> <!-- org.jpwh.test.concurrency.Versioning -->
