<?xml version="1.0" encoding="UTF-8"?>
<!-- Generated by org.testng.reporters.JUnitReportReporter -->
<testsuite hostname="DESKTOP-9J8TLT4" name="org.jpwh.test.associations.OneToOneJoinTable" tests="2" failures="0" timestamp="16 Apr 2016 04:09:21 GMT" time="0.509" errors="0">
  <testcase name="storeNonUniqueRelationship" time="0.211" classname="org.jpwh.test.associations.OneToOneJoinTable"/>
  <testcase name="storeAndLoadUserAddress" time="0.298" classname="org.jpwh.test.associations.OneToOneJoinTable"/>
</testsuite> <!-- org.jpwh.test.associations.OneToOneJoinTable -->
