<?xml version="1.0" encoding="UTF-8"?>
<!-- Generated by org.testng.reporters.JUnitReportReporter -->
<testsuite hostname="DESKTOP-9J8TLT4" name="org.jpwh.test.cache.SecondLevel" tests="5" failures="0" timestamp="16 Apr 2016 04:09:22 GMT" time="1.458" errors="0">
  <testcase name="cacheQueryResults" time="0.305" classname="org.jpwh.test.cache.SecondLevel"/>
  <testcase name="cacheModes" time="0.378" classname="org.jpwh.test.cache.SecondLevel"/>
  <testcase name="cacheControl" time="0.221" classname="org.jpwh.test.cache.SecondLevel"/>
  <testcase name="cacheNaturalId" time="0.237" classname="org.jpwh.test.cache.SecondLevel"/>
  <testcase name="cacheBehavior" time="0.317" classname="org.jpwh.test.cache.SecondLevel"/>
</testsuite> <!-- org.jpwh.test.cache.SecondLevel -->
