<?xml version="1.0" encoding="UTF-8"?>
<!-- Generated by org.testng.reporters.JUnitReportReporter -->
<testsuite hostname="DESKTOP-9J8TLT4" name="org.jpwh.test.fetching.LazyProxyCollections" tests="2" failures="0" timestamp="16 Apr 2016 04:09:21 GMT" time="0.717" errors="0">
  <testcase name="lazyEntityProxies" time="0.318" classname="org.jpwh.test.fetching.LazyProxyCollections"/>
  <testcase name="lazyCollections" time="0.399" classname="org.jpwh.test.fetching.LazyProxyCollections"/>
</testsuite> <!-- org.jpwh.test.fetching.LazyProxyCollections -->
