<?xml version="1.0" encoding="UTF-8"?>
<!-- Generated by org.testng.reporters.JUnitReportReporter -->
<testsuite hostname="DESKTOP-9J8TLT4" name="org.jpwh.helloworld.HelloWorldJPA" tests="1" failures="0" timestamp="16 Apr 2016 04:09:22 GMT" time="0.694" errors="0">
  <testcase name="storeLoadMessage" time="0.694" classname="org.jpwh.helloworld.HelloWorldJPA"/>
</testsuite> <!-- org.jpwh.helloworld.HelloWorldJPA -->
