<?xml version="1.0" encoding="UTF-8"?>
<!-- Generated by org.testng.reporters.JUnitReportReporter -->
<testsuite hostname="DESKTOP-9J8TLT4" name="org.jpwh.test.querying.criteria.Joins" tests="1" failures="0" timestamp="16 Apr 2016 04:09:21 GMT" time="3.341" errors="0">
  <testcase name="executeQueries" time="3.341" classname="org.jpwh.test.querying.criteria.Joins"/>
</testsuite> <!-- org.jpwh.test.querying.criteria.Joins -->
