<?xml version="1.0" encoding="UTF-8"?>
<!-- Generated by org.testng.reporters.JUnitReportReporter -->
<testsuite hostname="DESKTOP-9J8TLT4" name="org.jpwh.test.inheritance.Mixed" tests="3" failures="0" timestamp="16 Apr 2016 04:09:22 GMT" time="0.889" errors="0">
  <testcase name="storeLoadBillingDetails" time="0.190" classname="org.jpwh.test.inheritance.Mixed"/>
  <testcase name="storeBillingDetailsLoadCreditCards" time="0.197" classname="org.jpwh.test.inheritance.Mixed"/>
  <testcase name="jdbcBillingDetailsSqlQuery" time="0.502" classname="org.jpwh.test.inheritance.Mixed"/>
</testsuite> <!-- org.jpwh.test.inheritance.Mixed -->
