<?xml version="1.0" encoding="UTF-8"?>
<!-- Generated by org.testng.reporters.JUnitReportReporter -->
<testsuite hostname="DESKTOP-9J8TLT4" name="org.jpwh.test.fetching.EagerQuery" tests="2" failures="0" timestamp="16 Apr 2016 04:09:21 GMT" time="0.883" errors="0">
  <testcase name="fetchBids" time="0.406" classname="org.jpwh.test.fetching.EagerQuery"/>
  <testcase name="fetchUsers" time="0.477" classname="org.jpwh.test.fetching.EagerQuery"/>
</testsuite> <!-- org.jpwh.test.fetching.EagerQuery -->
