<?xml version="1.0" encoding="UTF-8"?>
<!-- Generated by org.testng.reporters.JUnitReportReporter -->
<testsuite hostname="DESKTOP-9J8TLT4" name="org.jpwh.test.simple.MappingEmbeddables" tests="2" failures="0" timestamp="16 Apr 2016 04:09:21 GMT" time="0.573" errors="0">
  <testcase name="storeAndLoadUsers" time="0.301" classname="org.jpwh.test.simple.MappingEmbeddables"/>
  <testcase name="storeAndLoadInvalidUsers" time="0.272" classname="org.jpwh.test.simple.MappingEmbeddables"/>
</testsuite> <!-- org.jpwh.test.simple.MappingEmbeddables -->
