<?xml version="1.0" encoding="UTF-8"?>
<!-- Generated by org.testng.reporters.JUnitReportReporter -->
<testsuite hostname="DESKTOP-9J8TLT4" name="org.jpwh.test.inheritance.MixedFetchSelect" tests="3" failures="0" timestamp="16 Apr 2016 04:09:22 GMT" time="5.032" errors="0">
  <testcase name="storeLoadBillingDetails" time="1.696" classname="org.jpwh.test.inheritance.MixedFetchSelect"/>
  <testcase name="storeBillingDetailsLoadCreditCards" time="1.723" classname="org.jpwh.test.inheritance.MixedFetchSelect"/>
  <testcase name="jdbcBillingDetailsSqlQuery" time="1.613" classname="org.jpwh.test.inheritance.MixedFetchSelect"/>
</testsuite> <!-- org.jpwh.test.inheritance.MixedFetchSelect -->
