<?xml version="1.0" encoding="UTF-8"?>
<!-- Generated by org.testng.reporters.JUnitReportReporter -->
<testsuite hostname="DESKTOP-9J8TLT4" name="org.jpwh.test.fetching.Batch" tests="2" failures="0" timestamp="16 Apr 2016 04:09:21 GMT" time="1.381" errors="0">
  <testcase name="fetchCollectionBatches" time="0.707" classname="org.jpwh.test.fetching.Batch"/>
  <testcase name="fetchProxyBatches" time="0.674" classname="org.jpwh.test.fetching.Batch"/>
</testsuite> <!-- org.jpwh.test.fetching.Batch -->
