<?xml version="1.0" encoding="UTF-8"?>
<!-- Generated by org.testng.reporters.JUnitReportReporter -->
<testsuite hostname="DESKTOP-9J8TLT4" name="org.jpwh.test.advanced.GeneratedProperties" tests="2" failures="0" timestamp="16 Apr 2016 04:09:21 GMT" time="0.947" errors="0">
  <testcase name="storeLoadInitialPrice" time="0.594" classname="org.jpwh.test.advanced.GeneratedProperties"/>
  <testcase name="storeLoadLastModified" time="0.353" classname="org.jpwh.test.advanced.GeneratedProperties"/>
</testsuite> <!-- org.jpwh.test.advanced.GeneratedProperties -->
