<?xml version="1.0" encoding="UTF-8"?>
<!-- Generated by org.testng.reporters.JUnitReportReporter -->
<testsuite hostname="DESKTOP-9J8TLT4" name="org.jpwh.test.bulkbatch.BulkStatementsCriteria" tests="3" failures="0" timestamp="16 Apr 2016 04:09:22 GMT" time="0.659" errors="0">
  <testcase name="bulkUpdate" time="0.234" classname="org.jpwh.test.bulkbatch.BulkStatementsCriteria"/>
  <testcase name="bulkUpdateVersioned" time="0.197" classname="org.jpwh.test.bulkbatch.BulkStatementsCriteria"/>
  <testcase name="bulkDelete" time="0.228" classname="org.jpwh.test.bulkbatch.BulkStatementsCriteria"/>
</testsuite> <!-- org.jpwh.test.bulkbatch.BulkStatementsCriteria -->
